📊 CSV yuklanmoqda...
✅ 1,000,000 rows loaded
X shape: (1000000, 7), y shape: (1000000,)
🤖 Model o'qitilmoqda...
Traceback (most recent call last):
  File "C:\Users\Ucer\Desktop\BMI model\train_model.py", line 31, in <module>
    y = df[target_col].copy()
  File "C:\Users\Ucer\AppData\Local\Programs\Python\Python314\Lib\site-packages\sklearn\base.py", line 1336, in wrapper
    return fit_method(estimator, *args, **kwargs)
  File "C:\Users\Ucer\AppData\Local\Programs\Python\Python314\Lib\site-packages\sklearn\ensemble\_voting.py", line 405, in fit
    return super().fit(X, transformed_y, **fit_params)
           ~~~~~~~~~~~^^^^^^^^^^^^^^^^^^^^^^^^^^^^^^^^
  File "C:\Users\Ucer\AppData\Local\Programs\Python\Python314\Lib\site-packages\sklearn\ensemble\_voting.py", line 99, in fit
    self.estimators_ = Parallel(n_jobs=self.n_jobs)(
                       ~~~~~~~~~~~~~~~~~~~~~~~~~~~~^
        delayed(_fit_single_estimator)(
        ^^^^^^^^^^^^^^^^^^^^^^^^^^^^^^^
    ...<8 lines>...
        if clf != "drop"
        ^^^^^^^^^^^^^^^^
    )
    ^
  File "C:\Users\Ucer\AppData\Local\Programs\Python\Python314\Lib\site-packages\sklearn\utils\parallel.py", line 91, in __call__
    return super().__call__(iterable_with_config_and_warning_filters)
           ~~~~~~~~~~~~~~~~^^^^^^^^^^^^^^^^^^^^^^^^^^^^^^^^^^^^^^^^^^
  File "C:\Users\Ucer\AppData\Local\Programs\Python\Python314\Lib\site-packages\joblib\parallel.py", line 1986, in __call__
    return output if self.return_generator else list(output)
                                                ~~~~^^^^^^^^
  File "C:\Users\Ucer\AppData\Local\Programs\Python\Python314\Lib\site-packages\joblib\parallel.py", line 1914, in _get_sequential_output
    res = func(*args, **kwargs)
  File "C:\Users\Ucer\AppData\Local\Programs\Python\Python314\Lib\site-packages\sklearn\utils\parallel.py", line 184, in __call__
    return self.function(*args, **kwargs)
           ~~~~~~~~~~~~~^^^^^^^^^^^^^^^^^
  File "C:\Users\Ucer\AppData\Local\Programs\Python\Python314\Lib\site-packages\sklearn\ensemble\_base.py", line 45, in _fit_single_estimator
    estimator.fit(X, y, **fit_params)
    ~~~~~~~~~~~~~^^^^^^^^^^^^^^^^^^^^
  File "C:\Users\Ucer\AppData\Local\Programs\Python\Python314\Lib\site-packages\sklearn\base.py", line 1336, in wrapper
    return fit_method(estimator, *args, **kwargs)
  File "C:\Users\Ucer\AppData\Local\Programs\Python\Python314\Lib\site-packages\sklearn\neural_network\_multilayer_perceptron.py", line 853, in fit
    return self._fit(X, y, sample_weight=sample_weight, incremental=False)
           ~~~~~~~~~^^^^^^^^^^^^^^^^^^^^^^^^^^^^^^^^^^^^^^^^^^^^^^^^^^^^^^
  File "C:\Users\Ucer\AppData\Local\Programs\Python\Python314\Lib\site-packages\sklearn\neural_network\_multilayer_perceptron.py", line 512, in _fit
    self._fit_stochastic(
    ~~~~~~~~~~~~~~~~~~~~^
        X,
        ^^
    ...<7 lines>...
        incremental,
        ^^^^^^^^^^^^
    )
    ^
  File "C:\Users\Ucer\AppData\Local\Programs\Python\Python314\Lib\site-packages\sklearn\neural_network\_multilayer_perceptron.py", line 708, in _fit_stochastic
    sample_idx = shuffle(sample_idx, random_state=self._random_state)
  File "C:\Users\Ucer\AppData\Local\Programs\Python\Python314\Lib\site-packages\sklearn\utils\_indexing.py", line 779, in shuffle
    return resample(
        *arrays, replace=False, n_samples=n_samples, random_state=random_state
    )
  File "C:\Users\Ucer\AppData\Local\Programs\Python\Python314\Lib\site-packages\sklearn\utils\_param_validation.py", line 191, in wrapper
    return func(*args, **kwargs)
  File "C:\Users\Ucer\AppData\Local\Programs\Python\Python314\Lib\site-packages\sklearn\utils\_indexing.py", line 671, in resample
    indices = np.arange(n_samples)
numpy._core._exceptions._ArrayMemoryError: Unable to allocate 6.10 MiB for an array with shape (800000,) and data type int64
