INFO:__main__:📊 CSV yuklanmoqda...
INFO:__main__:✅ 1,000,000 rows, 12 cols yuklandi
INFO:__main__:✅ Model yuklandi
INFO:__main__:🚀 Server 0.0.0.0:5000 ishga tushmmoqda
 * Serving Flask app 'app'
 * Debug mode: on
INFO:werkzeug:[31m[1mWARNING: This is a development server. Do not use it in a production deployment. Use a production WSGI server instead.[0m
 * Running on all addresses (0.0.0.0)
 * Running on http://127.0.0.1:5000
 * Running on http://172.17.71.13:5000
INFO:werkzeug:[33mPress CTRL+C to quit[0m
INFO:werkzeug: * Restarting with watchdog (windowsapi)
INFO:__main__:📊 CSV yuklanmoqda...
INFO:__main__:✅ 1,000,000 rows, 12 cols yuklandi
INFO:__main__:✅ Model yuklandi
INFO:__main__:🚀 Server 0.0.0.0:5000 ishga tushmmoqda
WARNING:werkzeug: * Debugger is active!
INFO:werkzeug: * Debugger PIN: 553-987-570
INFO:werkzeug: * Detected change in 'C:\\Users\\Ucer\\Desktop\\BMI model\\train_model.py', reloading
INFO:werkzeug: * Restarting with watchdog (windowsapi)
INFO:__main__:📊 CSV yuklanmoqda...
INFO:__main__:✅ 1,000,000 rows, 12 cols yuklandi
INFO:__main__:✅ Model yuklandi
INFO:__main__:🚀 Server 0.0.0.0:5000 ishga tushmmoqda
WARNING:werkzeug: * Debugger is active!
INFO:werkzeug: * Debugger PIN: 553-987-570
INFO:werkzeug: * Detected change in 'C:\\Users\\Ucer\\AppData\\Local\\Programs\\Python\\Python314\\Lib\\site-packages\\werkzeug\\local.py', reloading
INFO:werkzeug: * Restarting with watchdog (windowsapi)
INFO:__main__:📊 CSV yuklanmoqda...
INFO:__main__:✅ 1,000,000 rows, 12 cols yuklandi
INFO:__main__:✅ Model yuklandi
INFO:__main__:🚀 Server 0.0.0.0:5000 ishga tushmmoqda
WARNING:werkzeug: * Debugger is active!
INFO:werkzeug: * Debugger PIN: 553-987-570
INFO:werkzeug: * Detected change in 'C:\\Users\\Ucer\\AppData\\Local\\Programs\\Python\\Python314\\Lib\\site-packages\\werkzeug\\serving.py', reloading
INFO:werkzeug: * Restarting with watchdog (windowsapi)
INFO:__main__:📊 CSV yuklanmoqda...
INFO:__main__:✅ 1,000,000 rows, 12 cols yuklandi
INFO:__main__:✅ Model yuklandi
INFO:__main__:🚀 Server 0.0.0.0:5000 ishga tushmmoqda
WARNING:werkzeug: * Debugger is active!
INFO:werkzeug: * Debugger PIN: 553-987-570
INFO:werkzeug: * Detected change in 'C:\\Users\\Ucer\\AppData\\Local\\Programs\\Python\\Python314\\Lib\\site-packages\\sklearn\\base.py', reloading
INFO:werkzeug: * Restarting with watchdog (windowsapi)
INFO:__main__:📊 CSV yuklanmoqda...
INFO:__main__:✅ 1,000,000 rows, 12 cols yuklandi
INFO:__main__:✅ Model yuklandi
INFO:__main__:🚀 Server 0.0.0.0:5000 ishga tushmmoqda
WARNING:werkzeug: * Debugger is active!
INFO:werkzeug: * Debugger PIN: 553-987-570
INFO:werkzeug: * Detected change in 'C:\\Users\\Ucer\\AppData\\Local\\Programs\\Python\\Python314\\Lib\\site-packages\\streamlit\\__init__.py', reloading
INFO:werkzeug: * Restarting with watchdog (windowsapi)
INFO:__main__:📊 CSV yuklanmoqda...
INFO:__main__:✅ 1,000,000 rows, 12 cols yuklandi
INFO:__main__:✅ Model yuklandi
INFO:__main__:🚀 Server 0.0.0.0:5000 ishga tushmmoqda
WARNING:werkzeug: * Debugger is active!
INFO:werkzeug: * Debugger PIN: 553-987-570
